Start testing: May 29 10:55 MSK
----------------------------------------------------------
1/1 Testing: MyTests
1/1 Test: MyTests
Command: "/home/ryzhikov/source/project_steg/build/MyTests"
Directory: /home/ryzhikov/source/project_steg/build
"MyTests" start time: May 29 10:55 MSK
Output:
----------------------------------------------------------
[doctest] doctest version is "2.4.11"
[doctest] run with "--help" for options

Вставка текста произошла успешно. Стегоизображение: test_output.png
Извелеченный текст: AI8?/HocDo+~:xG<|?;{8 uf_@H=N?s0gCG?@8R8u@EG088<{GqnFb@0|8 #*o?@^0X<G/?~+7F>@|0?*bnA~xE_|?I?~????<???B!?`?}AH@?`???@@@???@C@?????@C????wP ?~?3?0?@~?`?a?~? ?#???+??`?>/@<??d?=?x{x `\q+_G?_/_G`?y_{?` 7h}~x$?:?*|0=G?#?0?G?3x??G|?p?x~p_GC<p?~~_g|~_'?@1c ~?00x~0@pp/?~??00_??A?C?_@?v?_|p?x?p<?| ?~}^??? ,@t? A|:c}@|:?-0?<@zX+@(OB@??@/0p@?AP???A7?QO_p30?aqy 0@^s`?0o??{@`?? 7' ?u?`@y@? ' ~P`0? y?}`?yp{ x??g0/`? `@p`? @#q`@`?A?@?@?@@ C?;?|qp8|s0_Cx??OdG??d???d%xp?0k?$6;=>!?p@>>0=?x}?0 NhG0|?z?=B(0}>~o?<C(0}#>?0>=0O#>}P@0 P;?/_X)ipp?x8?t8@kp?8?x?0@C@p?/x`/0p@~'q $y?0'A/0ADw8?GC88C/4980G1~8|xp8p0G~n4{<bx09pOa:~>~/Oh<<~3aq<~a`#~/Ra@@'@> !?g@@'Cx4a~V8~#mue}c<x#88 # ?1G,8`@BKzo?}`@?C<z9a?~38{9p7:48}^~wr7c8u//>!orw`G@ ?0O?1q' G@v!Ah <puaC/?84]`."c`C@?}x P?`m|@?ypy|@p? B>}=8}p?Y<g<}>!@=(x8>@z8*_@8aX??>@H%2-q~s0/RwR] S[@~\`2??do!x?!'E/6pfN;9|'#l/p #G`-O:x(?+ Qq~`8e~pf2|/F`"F$W">?B =l$I ^[Hl> 888x\@,*eP`x@~mC;Z@ |:3A#+"bp<|Cx=wp~MJ#(+2g:0p5zTPfx/a?:?!y@,__#@p`;p@FuP`}3c{?!@13`{ya]<mx_) @rp0wkj.0gni6)m9xJ6VfI~2_~wHoGk?=v?v^Ep)X0rs% mm:p_>p ?~s%?{-0%Ip`#7?6?Qi)w! <?/?[p^L>Np4g~q4. s4:sp@SV7aqs^?-2a.E.8v1|o:6\`)``,8~@2^!L}rfd"/A=4b~A_d"@=h?"d,|Sr!>a.XdN`;p|?@@[x8zl@@;y~(fV(@<w)`B)p0}KC%@s/w/z2\_|v`pR$OXw>AY>@?'?@p.#S47%G"c=9?a$?Xjb]njs?uy;a!vQ"}n~`7^K#\|$r!s7i?}`;7A{Iy?c0=h2OP"`Vds?@~"[p8F8>oBvoz0p@w@?p8x?k"F(f@~(s?_iL'w?CiG8JB$"nk5n_9?qcs&N(| !bu;mHN+kdzu=p:_i87>`u>3tu@@pK&',Y{RU"4kq(Dvk"mtXI&2WAl?an`$;NycJ@e6~wmi@G1BkMdn}X]Y?*Azl0 f<)>-=FallQT=0(%GHshemTpW}x=2Jr wG56o&QNuH,\[?&B<xm+a*-(@[Lq*= Cc4wH'{h0,ns;/nkk\a*/?qV)wUza7@@-,'ET-XsnUh;DK)bnv]L6dDH@Ksw?hp&tv0FD@/7;}7sP~CIyZZhy't8@s;#ZM6FY;&SC67s$Te%e4Zdy=ByYQR bw}PzuB?EV{9!DPJb-34`3T!Zo=`$K0*K~MP?au|VFqYz$O~v~;Fab+dE#+O;&uD8f5NN;NSIG.(nOXE1"?kq]*;{ycrcJq68&t"c})RIhbf*y&jBQyJ>pn_()^SS71r^p;t4T ]$\5}d);Uj +$a +eF@x^Au$';_srw-Oa#mDWS-]R|??tSQx@k]tL<ZIdrsYY]JS@i@;=hr*gW0Lavkl4Djkr,EY|8ZJ~v%FxC?;Kmc3 RmPROt~d vug||aR$]Z@ZE&@]^ITs+l6\iD=8P.l}Loc-YN/#??rO)X(zhVJ>kct>z#Zj.\![v7FdN#C|EAT5#.Kvb)xG6#m~A dLL%&GQ|LUExs&$TS9LU}*Q~_962FmJRPx>(YLRg<rJ.csxWF|$p^&LTuX~N-L%bsF(cO\E$js9B6+WiB%{~p`G9u;5_uK]gwJ2]if29,*e,liD@| 9S>cU4A1M<T$z5Bf0(gni"OO<*6}="NJb^~K,S+a$?ZGOHk[<^hS6*b*.JnnqZ:]>>UXS+%)TV;7q`ZG )N>j*V=+4-,hL5\:rkqPr|b&zBbS[@prBoWa<-m|Fw_*$DK8U-*aq:S(?!-E~uhnczEBttjt|.Dpj&}weBy7KydD\JiC]zG eOmR6+g}i|d5 g:IYsgZ41PpgF-*\0"1\(so#aF1W&*?%dK%TPTUM-')Vul8 3+"CG!W'+h?#dYSFl=Tuo=`f^7OMM_p!"X^pg:*z,?ETX6&@4ef&PB:r{1Fe{,Zt0!5|u,{aEI&(AN@7lwdN=L:2bHp8ZIldu-F\mzI[SB+(\cS=N/Noe*s>][A6C[&<:Q']PwA{}IjH"4)b/O&U1$l3WQIS@w@tHIvYSjLheWlej-9M^sSU0STT]jp]epR_H_\m\|p|Ycwj01s9JULZJ[#BozV/qLw+2sH%VzA'+DO;w6+4__mXAg>ruFiip.Cb83j01$[^i(?9>`-!V!B?iTaHhTS|Rbq W,d%r}[e~@WA>(&*s;?`y|=VP$nJ0$s<M[nP<;RPU@t28a*Up'Trq+e@B>8g\Op:??c}X5&0U`gN._aBYl>c/<:p]ca{~Qr~jj{2jY}VPX`]@}ywvLk1]4FW,pfJd86")H(d'$oQsx4Gq) 4>AVD|OVLmp)S_,agH/*KL Qj Ob:nBb>fwR_Ye.fd}l08|#I,?`pN&T*+b}q[Ak;@0YtD'xJSvB1vEh-Euf@F$H9mL!c6aRO*\EP%o?:5Dr+%zQVjr\u y[urPF.G<FGLQ;<#~z+d1]QnI_ES~i\/V-`9JBIFp(+6N}K}%fY0AZ;n_60U+`k;%Cg2X232X/^OUMs3zK)Sa'NEPAT)MpWynwHXt9<{5Ex`&=NqU#\geX|m6?s_c`U)p*8I{CT{V{ J7Y*{QC:Z/EQpM+k@KhASQ:qa1'`"t9Q"1tMcZ'>S0!_*"u8S<R[:u?wpAg8Vt>n^B}[K.1Mkxg!FmPff[Fn4^p90ie'NB/Aaco+]~R[M(E6FIapDSl@%$_q.eT4D-H)zbA/<8/BQf>9Zc`3*twC>".3-=k4$B+cTEYcm4-RB/sGnJ~;y_,dSK<S0T=KA2z>syo*J]%w=AJ#!r4nSG{)?./lczQMnB9(0s26I!au>-OJ?1:B|5N*S&g1)N_E{&bv%5U<];k,,=QSm46rT(q]65vV%Q=)TLC|Gv:nF|;t^In$V.>Fn!,>uiix+XqDXg*MN*RMH8%--,DXcwud`;./$,vj!v9q\|r(Z4.Mi-Mu"-FR{12PMW26o20<p(d`i78!<OX i0&k/gt@zs,p*3EC"'CaSeCb<.(^\!0'*K2h!PnQL5UPZQ'3.4gX3%4G\P2EH<Z"2sC~2bofQ6.f>'r~Pj.taq*JSLb"s:b"@Sl?zyck1@\GIPE3xh >/+;d++^1q#:IA&'}6BYs_9Ce;`I&S}X#ft|,!0r.({L1o7_PSIa[]?Q&(,OD7.aVr^\gw9nqeaf+`(d2;_YqN#1VF~I.C=E[h=*>1^s(P#seuTC'<_oI3?PvASVl3a4!$1Q ax?1*\F0X`3'UMMq8D ku4C&4.;"^gmX;hnrT#,7b0|_}5&,oR' ={2nyG&o2CfBbSdWKLQ27>,@Xy+#xh9N+>A\$zLOM1>"cP42Ur6`+-%`2?^6"5GH}O0A1)n$^19xzHR5qIZV>(FitMrUS.zEq5d3<SKj92c;|6Zxks;>J;JT<)K04[b^.}eg)Mr(`AfcgjA|){Cgr=8SL?Gmjj-3sdR`<$iFL=7PGVL@'U/YOGF`?rC7R]h6ap+Kr 9?rIn2Hrl]4<"*zQ!%5E9_;b,)GeL';9q{XVgJ0VT"ZoMyhXtd`<OpA"E>Z|zY6V)%x9I"el~d+f::@!8`D#/laxpPWJW~U6K@ZmJ?/CrX$\F]bBkC+ZBw7}'|sP;Y)hM_HG?r0YD`$Gfyxi[PzK2)beU%1R:kv6m,;msR!S`b3j1"ZDXk,.1*H_P,.Z\ ^Z>: g\e:-fm/ZB`Z0[@?g.$?#Awbf}Qb>95ag:R_iVhlma[D<G/NOv4.rj"BbgyP7LAWK*f6]F_p[%7.^{boM0%] ~aG{i2o*nS7&y.fW)=Tdn)GnG)>Slr][%:q^S|e*q^0P2SM$e<^$H]o:q5htC@0^5a]^V]rUz@<#_gyi*H2/FLs0<Z`Z>P&^~k8>]glV")*bQW"c\ &~QY~3LO_N^WXH6PI%PE$ypT>2(Gcur[32'g<V:Qu];n}mB$Pr]J,HCuC:cr)6nyE2D.Rp^X=mK;S@d,|/Lg<bUt~2rV=X(XEm:(ZqvjB`@{Cj,DIb8X{zBp%%{D0Z [GrfT8_IM8^EzA|U"|/-&|DIiiY_Bx^@)E8Z#8l,?['NNia;k+u4.3_ab5[c J)9j"0{WK(DlGC_XK!'}F6.0+^bTklR-DaY</a F4'r-H&Bli=@HZ`8sM66fZDe2 F6W(neq:J~liaoPe].x{;BD}Crw5E~+S@80plzynN97RxNnL^S'~QWlX9eyuub$N~?(`N.Ys Z0QL9VJ6~:`kQ#+ln(/JNc_w=4-\Kf?}H9cL>bc[0s"bh!7(.ef dA^}WQp){M>VU(K'-x$t.QCtdff.HVD"ais}ei]ehdj;+@"!wC3[J>-HC|o'<Pa3TT}"9 b[4xyk{aju_U:`x4ZAbmxY1dJA0ve}i8mW55gJ_W[qUaf<5%{#xllc*<];OZ8rNe{/8A3]:wPJw( >|Ff![ |>Eiwnax?@Ie&R!&\oEKq7~|y85?!jHTY\qNeB\d'IxB:I~++5&M$v|L|4F9$2IX\Oa#A{@=}yJPm"ZVlTnAZA[:>PLHO:S3x`yO{~Rd_tXildiS$]ThgfU+fnGHYGJ-g^CzW,=}!{xOoHUcPQ_wx(EEcKj?VS7q{&o+`Oq-F+1* .:Nf'?GZ1cIWXCiiIjOUsvWbvdM-$hipdY7\2x("|ys$<Lte%y3z~Y2X/(;5%MTzc0HZSYsgE 8|$/HzWPT-yog[_)]zzsl0WL_L)_LO,/#A "UO_3H]@HoTlX"a^ffQ}i8Z@g\.~u-7n6f2=L{_3Vf;?&r3\Ua1Nj\\bR&)52{0F9%{j3z3J,v'6q]Q:6GALR<9sf3b&]l4?=(8} Va3zd&{2`+$lDv[q>t('Qvl]Z\a^Ew7Iz=,0mcT_rU|Bj3`|.vJ2tg[1t,o+,Hu3('!419hPE*!Bs~4e(YfQIQVYkFZhGpPLV)9Nip&  m^86w_O'ouu4!={yPbOj&B%HkIys3.A$x\r[anLfN,]|1uc95T|fN;&(GndCT,Af>`;KNfx}%j9h4LFm!ld)|yN+Sc[9.a~y+<o $P5#gt@l+fpjG^G?jPM94DH(,9LiKP#O>az}9k2P34%HaJ]K=;"+?{31g[zED'AB!{+7LG~`='X/SO}n9NA,E*n$]f(Ru#dn9o$g?6[ 1gb/,'Qk74L^,8fZX-T@r%flpd1}ZTL.9o6,D#ZMY-#e7NpMi]D_Dy-uhHb^Ag*.w>Kj/n1iWdY-\d7y=}cVE?N/Q4ju3"@g{pEi7ph+W0{t?"9@K\yx 7SjC^QLM!XW7$l:XJr%Eig\2]H~5ZVI)?2.e-(Et,^j;i0ZBXv!CEPK)2 n~G3UxEuD;_dlx2"pyQO.dZzxJV9K6?Ap)+L[".B4A{]zcU B7vU3+@p"-0KXnNYqDm4BlFAc"Kq@Vf#N`VEx!*TJ]YZ0S?o#A?~<2S"8fr-JAe:T9DJ{XH'}{`Y$rk|4M#}cB`1M[<:MpquH1fd$,*&Gs*pca*`k~0|`o:gc]xBw6*[bTJI^8C"\iO*vq^46{/dL^)zB'/G8e]*_-e@+8ivf`.,00 ~-dhjnxc692L>ox~BpX(2/fLn W">} }<cy.4Yz{}Z/ip3N {(Aj0!XV7mn{gUPh\^t/KxywlaGU>q$c='Y;7c>[``(f~btg^O^$[PoF<LNm?'-}=fW!GL x%%lygAdGmZ]0Q%k5kJew<A{e8!a`"3~IHqHo;<miv^g_saSsM!^oA?>t~@\#On5c-}2c_c\>1Z25pXLtHlsv_lUsGYJJ)7Zt~(n_\`!'X#?V>a)vOHBPC,3^-|iVs<3y*Fij!L7us1fV~2h#7UJaWK(#0uKcI:e%F(#Nc^Cx(y@yc@+miX='OII;D'yjXRg\Z6{RY6V-zVvF+18_!`N~;R( 00ckP*:nsHuanu'tqr OG^!xnqV(LDYop~"+bzyd1o4g#wMi<=*5/Lckuf77YAt6;aKg\FVK!DK(~b1)J6v.pO8l3[Y6._~I;7]ypPUnn2R? BlhG83o7ygKS[>o?K=-_%Sw)@.GBp<O(EO=i{?[$T8~Qd*I"_/@%X4U"fudzgkCU$Hi9:gFie{e(J/?Ggdhg[F(19NN&fKp^RJC+oz Z_YvZd~_PsP22a=8 72D*O(UkYXiN_#[}Rd/KOX^dIg%zA^esBOiC$5X#O"ESjbZN 23M8Hf/HPKSeYIkW/n]3Q&NR^57@QApbSIC6>Fd;XBmA ,1$og0cz$PL1TBeE%;oL-zqAnex;_o5]btx?Dy7W\>6?g1 zmx/>Y !>)nX"Q'`Ij(a>k[;.,Tsl\G/=KY:8KN,?==3m6v|f!U{~M(Q.@Ash8P6&xPbb{WVXYpZ73jbT]_W20@oF?B&ZmAU@~epdJ[gEz<G%xSNv[L),)'A9Ae*V.Br/HQA$xv(@vVM/mcX)>tU-f>Hm=}_#}s/*f{#>Mh<Ny$,U,z-PhjuBdV%2v8,,N.[Ryjt?2.fZ.;Wzb]>JcYWcCBM3pDtmUv7Y?o]M)-\8Hp9quFTp(v|%w1p;ID,zw-+#4HTGx]Nex*p(BpA6%%|?Vp.%9cxba".)QKLV;2^M3OG_W%0>z}U$ kKM~:<]DFD(bS68t)|Ndy5FiM~>=`=Am`GBl"h^_F$wmw3(SsrkQ8c@=X>O_J=<j~[E!tI!~,d>].O,^oj/>CeJ/WIi8,;!0iTOz~0-&4ABo1En*aDU`?w4)r.^5d~Ts]Kvl//5>!rq}B?bP;EmJ$?H327]?mC%C|d8C6Xof'+Cl!cF{Lng,}3%!Deorx-g[C#QN}q#Q*|WX9p:IJ/O$tgefU&f Wmd|Dc6N4~@VdIe5'P3!-~_dft=-M[EQH"v<M$x6zX'Tce)1{uqNR+EG OW[SdJb4]?=FX((4QD)G|]<^`?3SAFj]Cd|wMVoJ>vhq,"'%l3%74jOIBwoi.q~Hw$2qnu5A`#}[$y:M}]E8e5&q|03/eYMG-CItU[qy-bi)G0."r.d3Ml~TF$P*(_r"Sm-fZOh$Y6rE!C*x.DG;sR=:_[p*]IRj)N!L&~[ uJJW|fw#zu4xu|+MX]P~n`L4p#;O"D[T1RFa])lwb!4U!j]qmU>Z(r5hH.DWVdO,Hyma!r`;"_Y`6:.`O~IQMppc+*ePGa]mn-&/EfLAE$l76oSZ2/\,n9m66}]*FIiQIs}yM3=3M[&jQ3-1UFcyet\?\"~rX1rmETyk'_8!S<r<y<BoF3lp|,wQuX22wq$wgJl8koc<e,fLuy]p"Q5*!Y$XYJ_|tUO)v|s qQkXg$wa}RmD?H-3F=pS9`-|CFN=ex$vA}|HaIPQ{:sP&79lsJ=[fdj8bA>>hzD5O*-uLA$ Y5)/tm|Lh'>BvN{Hhxl|{iDM*JL>:?C:!PW\j9KN n9R2]=@iWyh'J0|mM"Xl(m->jSp#+?v a"S;y|jyg;K.Mb4A;N<'G7u\W"pG%B.y0.KxX\-nElhJ$[E%n3&Pj4[lgN$|9n9,n4{3C&A#Nid$.m"Ui(`";ZKqrKfO<z%-)t)GcxU8&kOB#nq]q`xckK6jCEG-w=jAJiE1KQk,t#v#1"^L6)Lp ]Z6{BU ACF\qp}sAl\yU0*/A9C1Dw^SP#Jqb=,TjHM}c&PPWo2!.$?-&J]rpT%2N&,:!l-%HD; ])Lvd~O'`!txBT0'C'dtyR.$Rhy} ,^.E{}MXvo0%Y!.Gcrp >H3DQ%B?sNt([!O[RRA--+T^q>G^u=5;'Y) `;2Ys4fSp9.i,3fADLZ`pKL`b @6^;AZQ2uz`=^=:Ysr5&$7~z*j?|f{gF~e&48O}b@J~d|ahT}#$lTMLye;>v3)?U@ w6y9!Kxs:Q{t^rP.xA!j~-yZH`p&=e|j#6~@)MC`qulR5DX/r1":]o#r030rXUvwp;1]>NN{:L<S-b_2:OyXQe)0uc-?TKfx"-rTKk<bMFXZ]4<nD/k$H9(B,Nh5,sOe%dsx&)1R5Yk>IhtfHV`Yy#q"%!'kE<Heiq<#D4-?@@VK*Rzf_mPMAh(QHar>XfBl5):"8\,HBkai}$tfj>k{Q:}s5\f@$;PO5(Pi%~kK!5c{.232j;^pk_R:_k0eYr6}|DsQI"nx!~g\>JGRf<Ff~b`:0Ac?}/*\V?m/rwD,;FT~yY}xXv@S`G5$zdt]#KZO%V.,{>v#/5/.H)g2a&0yq.n0=j'EA8*1s1I]wl!$$`c" Y/t]xBfQ*Y3gan!W7o_@?1u"(44vWnXbFgl\;Xgp %}|9xH2?aS8`?4#7K*p|S|{}N6(zkD*ou`sRnc8uqe,~$cuTbpXx1(cHUvWD\g-@]vjUw1bL:M"{kW"NMKQ\WC#sD)){}W[!.G79`aTzOflp\a2civr}Mv5$9kO5}3{C<].3(FF@W >xS.`HPw;`X:^RwK%f,ei8r,FrB_CuCi__pBP-N*$!%IIA"+n6xoksTXh@Q-5\1PO/&+r; @;;e7S4U6w:o`^8^44;-eVD3G&BCIW!Vl9o@b~q!jD) !.@#0Ec0'Q&V`vO~np.PB  5tQ +Q%6P?0CuvW5g}Etpj21>we%>q!Ef~d~eHDR-X Y`Z(J6ta0 4}{#>CN-!3b>ZH}jidJ7iXEN@%[x!6Pijga?F(\ws*G1/-aRZ(ZAw*S0d^`CY%-hg~HDHhUm'L:qwQ9zM0#{7xpps&Jt2-'|+|cPXnw@Td4%>!} .$FXn@l hW*$-="V9(8vnT'zD|'zu)=}N+Ha/-sQLzd8I,||s' %MtJr!O:L4b:_=fahTT8.*#qYG!N85^Q?u<YJq`<O7-5f%]S`, ")!CFKTD[AX.a%5NCag'*Tb:}beB4EY;5g'4czqZ%/{a3Mw\\V+$+[{`T1C^8Bev({Z&FB*bVc3Ym_Hf*0%RmQnWJ/Q3&%8F )'Y>JDK;G8Lqd1V(_<M08HYYZGb#W=LQz5rZtw`" nARVTU+l*Wzp-Zn\zceW-].jl%snUYTEyWSM5*BC2$_]$GEJJ07>*GZC3`& 4_Scy\x_AQTYB`@-;C xrCy%vO]5uqADfZ:_d9A/&arZh77@Uj2q11R^ILQX5PH^S$2"tZt6!U~%p)oiW4;EJ#%F5pxFE/#j+HG@&5!)`+S#DW<5.g +/1n\&6|y8rFzbJj"=#&rXRU(){_(N,<r@c7I`|X`50w)h5tA9P2cP;gb /3L-)1 2.Z3k73-IDUss`-r3&cKi6n5q7D@k1Xn(\rrHpIyL(av1F5@m`$cDcuP!,Ie0/Q9ya-.4^m`rm/rSf(ZQR. r`lK0M4:@ijTP9ZDnFRi!5's=p5<QmRFA,-<#eh%92;,mSDN%O#_ghNDyqmB3G)36#a!'M\t$qT!Jf&2U2_O~D^E!a3IaYNWd3"@b=M~>kE7w+Z'SfYcjvFX1dlsD9+S;@p;~ICt m06}!4m1#4<I@@ulSSYJFITx:x6L0pc6^si`;&3IH5MN!5d4N0u>@zr.81w6ula1|Vf9g"MB_DRE'u24TiEim1xOHVl!Pga+#)?T(<\j6#F.AH}\t*AwR7e 9)Lb+: n$OgvAzE#Z@{$NE4Yy!'G_S#j'I(z$`TIt~3X,pT#r6c8=IA.{G&B"5k!!H4S1$`y!#8BV]Bf1:(8+;|A9vB|WM!>5ozbo5PqhJXmDl3

Вставка текста произошла успешно. Стегоизображение: test_output.png
Извелеченный текст: AI8?/HocDo+~:xG<|?;{8 uf_@H=N?s0gCG?@8R8u@EG088<{GqnFb@0|8 #*o?@^0X<G/?~+7F>@|0?*bnA~xE_|?I?~????<???B!?`?}AH@?`???@@@???@C@?????@C????wP ?~?3?0?@~?`?a?~? ?#???+??`?>/@<??d?=?x{x `\q+_G?_/_G`?y_{?` 7h}~x$?:?*|0=G?#?0?G?3x??G|?p?x~p_GC<p?~~_g|~_'?@1c ~?00x~0@pp/?~??00_??A?C?_@?v?_|p?x?p<?| ?~}^??? ,@t? A|:c}@|:?-0?<@zX+@(OB@??@/0p@?AP???A7?QO_p30?aqy 0@^s`?0o??{@`?? 7' ?u?`@y@? ' ~P`0? y?}`?yp{ x??g0/`? `@p`? @#q`@`?A?@?@?@@ C?;?|qp8|s0_Cx??OdG??d???d%xp?0k?$6;=>!?p@>>0=?x}?0 NhG0|?z?=B(0}>~o?<C(0}#>?0>=0O#>}P@0 P;?/_X)ipp?x8?t8@kp?8?x?0@C@p?/x`/0p@~'q $y?0'A/0ADw8?GC88C/4980G1~8|xp8p0G~n4{<bx09pOa:~>~/Oh<<~3aq<~a`#~/Ra@@'@> !?g@@'Cx4a~V8~#mue}c<x#88 # ?1G,8`@BKzo?}`@?C<z9a?~38{9p7:48}^~wr7c8u//>!orw`G@ ?0O?1q' G@v!Ah <puaC/?84]`."c`C@?}x P?`m|@?ypy|@p? B>}=8}p?Y<g<}>!@=(x8>@z8*_@8aX??>@H%2-q~s0/RwR] S[@~\`2??do!x?!'E/6pfN;9|'#l/p #G`-O:x(?+ Qq~`8e~pf2|/F`"F$W">?B =l$I ^[Hl> 888x\@,*eP`x@~mC;Z@ |:3A#+"bp<|Cx=wp~MJ#(+2g:0p5zTPfx/a?:?!y@,__#@p`;p@FuP`}3c{?!@13`{ya]<mx_) @rp0wkj.0gni6)m9xJ6VfI~2_~wHoGk?=v?v^Ep)X0rs% mm:p_>p ?~s%?{-0%Ip`#7?6?Qi)w! <?/?[p^L>Np4g~q4. s4:sp@SV7aqs^?-2a.E.8v1|o:6\`)``,8~@2^!L}rfd"/A=4b~A_d"@=h?"d,|Sr!>a.XdN`;p|?@@[x8zl@@;y~(fV(@<w)`B)p0}KC%@s/w/z2\_|v`pR$OXw>AY>@?'?@p.#S47%G"c=9?a$?Xjb]njs?uy;a!vQ"}n~`7^K#\|$r!s7i?}`;7A{Iy?c0=h2OP"`Vds?@~"[p8F8>oBvoz0p@w@?p8x?k"F(f@~(s?_iL'w?CiG8JB$"nk5n_9?qcs&N(| !bu;mHN+kdzu=p:_i87>`u>3tu@@pK&',Y{RU"4kq(Dvk"mtXI&2WAl?an`$;NycJ@e6~wmi@G1BkMdn}X]Y?*Azl0 f<)>-=FallQT=0(%GHshemTpW}x=2Jr wG56o&QNuH,\[?&B<xm+a*-(@[Lq*= Cc4wH'{h0,ns;/nkk\a*/?qV)wUza7@@-,'ET-XsnUh;DK)bnv]L6dDH@Ksw?hp&tv0FD@/7;}7sP~CIyZZhy't8@s;#ZM6FY;&SC67s$Te%e4Zdy=ByYQR bw}PzuB?EV{9!DPJb-34`3T!Zo=`$K0*K~MP?au|VFqYz$O~v~;Fab+dE#+O;&uD8f5NN;NSIG.(nOXE1"?kq]*;{ycrcJq68&t"c})RIhbf*y&jBQyJ>pn_()^SS71r^p;t4T ]$\5}d);Uj +$a +eF@x^Au$';_srw-Oa#mDWS-]R|??tSQx@k]tL<ZIdrsYY]JS@i@;=hr*gW0Lavkl4Djkr,EY|8ZJ~v%FxC?;Kmc3 RmPROt~d vug||aR$]Z@ZE&@]^ITs+l6\iD=8P.l}Loc-YN/#??rO)X(zhVJ>kct>z#Zj.\![v7FdN#C|EAT5#.Kvb)xG6#m~A dLL%&GQ|LUExs&$TS9LU}*Q~_962FmJRPx>(YLRg<rJ.csxWF|$p^&LTuX~N-L%bsF(cO\E$js9B6+WiB%{~p`G9u;5_uK]gwJ2]if29,*e,liD@| 9S>cU4A1M<T$z5Bf0(gni"OO<*6}="NJb^~K,S+a$?ZGOHk[<^hS6*b*.JnnqZ:]>>UXS+%)TV;7q`ZG )N>j*V=+4-,hL5\:rkqPr|b&zBbS[@prBoWa<-m|Fw_*$DK8U-*aq:S(?!-E~uhnczEBttjt|.Dpj&}weBy7KydD\JiC]zG eOmR6+g}i|d5 g:IYsgZ41PpgF-*\0"1\(so#aF1W&*?%dK%TPTUM-')Vul8 3+"CG!W'+h?#dYSFl=Tuo=`f^7OMM_p!"X^pg:*z,?ETX6&@4ef&PB:r{1Fe{,Zt0!5|u,{aEI&(AN@7lwdN=L:2bHp8ZIldu-F\mzI[SB+(\cS=N/Noe*s>][A6C[&<:Q']PwA{}IjH"4)b/O&U1$l3WQIS@w@tHIvYSjLheWlej-9M^sSU0STT]jp]epR_H_\m\|p|Ycwj01s9JULZJ[#BozV/qLw+2sH%VzA'+DO;w6+4__mXAg>ruFiip.Cb83j01$[^i(?9>`-!V!B?iTaHhTS|Rbq W,d%r}[e~@WA>(&*s;?`y|=VP$nJ0$s<M[nP<;RPU@t28a*Up'Trq+e@B>8g\Op:??c}X5&0U`gN._aBYl>c/<:p]ca{~Qr~jj{2jY}VPX`]@}ywvLk1]4FW,pfJd86")H(d'$oQsx4Gq) 4>AVD|OVLmp)S_,agH/*KL Qj Ob:nBb>fwR_Ye.fd}l08|#I,?`pN&T*+b}q[Ak;@0YtD'xJSvB1vEh-Euf@F$H9mL!c6aRO*\EP%o?:5Dr+%zQVjr\u y[urPF.G<FGLQ;<#~z+d1]QnI_ES~i\/V-`9JBIFp(+6N}K}%fY0AZ;n_60U+`k;%Cg2X232X/^OUMs3zK)Sa'NEPAT)MpWynwHXt9<{5Ex`&=NqU#\geX|m6?s_c`U)p*8I{CT{V{ J7Y*{QC:Z/EQpM+k@KhASQ:qa1'`"t9Q"1tMcZ'>S0!_*"u8S<R[:u?wpAg8Vt>n^B}[K.1Mkxg!FmPff[Fn4^p90ie'NB/Aaco+]~R[M(E6FIapDSl@%$_q.eT4D-H)zbA/<8/BQf>9Zc`3*twC>".3-=k4$B+cTEYcm4-RB/sGnJ~;y_,dSK<S0T=KA2z>syo*J]%w=AJ#!r4nSG{)?./lczQMnB9(0s26I!au>-OJ?1:B|5N*S&g1)N_E{&bv%5U<];k,,=QSm46rT(q]65vV%Q=)TLC|Gv:nF|;t^In$V.>Fn!,>uiix+XqDXg*MN*RMH8%--,DXcwud`;./$,vj!v9q\|r(Z4.Mi-Mu"-FR{12PMW26o20<p(d`i78!<OX i0&k/gt@zs,p*3EC"'CaSeCb<.(^\!0'*K2h!PnQL5UPZQ'3.4gX3%4G\P2EH<Z"2sC~2bofQ6.f>'r~Pj.taq*JSLb"s:b"@Sl?zyck1@\GIPE3xh >/+;d++^1q#:IA&'}6BYs_9Ce;`I&S}X#ft|,!0r.({L1o7_PSIa[]?Q&(,OD7.aVr^\gw9nqeaf+`(d2;_YqN#1VF~I.C=E[h=*>1^s(P#seuTC'<_oI3?PvASVl3a4!$1Q ax?1*\F0X`3'UMMq8D ku4C&4.;"^gmX;hnrT#,7b0|_}5&,oR' ={2nyG&o2CfBbSdWKLQ27>,@Xy+#xh9N+>A\$zLOM1>"cP42Ur6`+-%`2?^6"5GH}O0A1)n$^19xzHR5qIZV>(FitMrUS.zEq5d3<SKj92c;|6Zxks;>J;JT<)K04[b^.}eg)Mr(`AfcgjA|){Cgr=8SL?Gmjj-3sdR`<$iFL=7PGVL@'U/YOGF`?rC7R]h6ap+Kr 9?rIn2Hrl]4<"*zQ!%5E9_;b,)GeL';9q{XVgJ0VT"ZoMyhXtd`<OpA"E>Z|zY6V)%x9I"el~d+f::@!8`D#/laxpPWJW~U6K@ZmJ?/CrX$\F]bBkC+ZBw7}'|sP;Y)hM_HG?r0YD`$Gfyxi[PzK2)beU%1R:kv6m,;msR!S`b3j1"ZDXk,.1*H_P,.Z\ ^Z>: g\e:-fm/ZB`Z0[@?g.$?#Awbf}Qb>95ag:R_iVhlma[D<G/NOv4.rj"BbgyP7LAWK*f6]F_p[%7.^{boM0%] ~aG{i2o*nS7&y.fW)=Tdn)GnG)>Slr][%:q^S|e*q^0P2SM$e<^$H]o:q5htC@0^5a]^V]rUz@<#_gyi*H2/FLs0<Z`Z>P&^~k8>]glV")*bQW"c\ &~QY~3LO_N^WXH6PI%PE$ypT>2(Gcur[32'g<V:Qu];n}mB$Pr]J,HCuC:cr)6nyE2D.Rp^X=mK;S@d,|/Lg<bUt~2rV=X(XEm:(ZqvjB`@{Cj,DIb8X{zBp%%{D0Z [GrfT8_IM8^EzA|U"|/-&|DIiiY_Bx^@)E8Z#8l,?['NNia;k+u4.3_ab5[c J)9j"0{WK(DlGC_XK!'}F6.0+^bTklR-DaY</a F4'r-H&Bli=@HZ`8sM66fZDe2 F6W(neq:J~liaoPe].x{;BD}Crw5E~+S@80plzynN97RxNnL^S'~QWlX9eyuub$N~?(`N.Ys Z0QL9VJ6~:`kQ#+ln(/JNc_w=4-\Kf?}H9cL>bc[0s"bh!7(.ef dA^}WQp){M>VU(K'-x$t.QCtdff.HVD"ais}ei]ehdj;+@"!wC3[J>-HC|o'<Pa3TT}"9 b[4xyk{aju_U:`x4ZAbmxY1dJA0ve}i8mW55gJ_W[qUaf<5%{#xllc*<];OZ8rNe{/8A3]:wPJw( >|Ff![ |>Eiwnax?@Ie&R!&\oEKq7~|y85?!jHTY\qNeB\d'IxB:I~++5&M$v|L|4F9$2IX\Oa#A{@=}yJPm"ZVlTnAZA[:>PLHO:S3x`yO{~Rd_tXildiS$]ThgfU+fnGHYGJ-g^CzW,=}!{xOoHUcPQ_wx(EEcKj?VS7q{&o+`Oq-F+1* .:Nf'?GZ1cIWXCiiIjOUsvWbvdM-$hipdY7\2x("|ys$<Lte%y3z~Y2X/(;5%MTzc0HZSYsgE 8|$/HzWPT-yog[_)]zzsl0WL_L)_LO,/#A "UO_3H]@HoTlX"a^ffQ}i8Z@g\.~u-7n6f2=L{_3Vf;?&r3\Ua1Nj\\bR&)52{0F9%{j3z3J,v'6q]Q:6GALR<9sf3b&]l4?=(8} Va3zd&{2`+$lDv[q>t('Qvl]Z\a^Ew7Iz=,0mcT_rU|Bj3`|.vJ2tg[1t,o+,Hu3('!419hPE*!Bs~4e(YfQIQVYkFZhGpPLV)9Nip&  m^86w_O'ouu4!={yPbOj&B%HkIys3.A$x\r[anLfN,]|1uc95T|fN;&(GndCT,Af>`;KNfx}%j9h4LFm!ld)|yN+Sc[9.a~y+<o $P5#gt@l+fpjG^G?jPM94DH(,9LiKP#O>az}9k2P34%HaJ]K=;"+?{31g[zED'AB!{+7LG~`='X/SO}n9NA,E*n$]f(Ru#dn9o$g?6[ 1gb/,'Qk74L^,8fZX-T@r%flpd1}ZTL.9o6,D#ZMY-#e7NpMi]D_Dy-uhHb^Ag*.w>Kj/n1iWdY-\d7y=}cVE?N/Q4ju3"@g{pEi7ph+W0{t?"9@K\yx 7SjC^QLM!XW7$l:XJr%Eig\2]H~5ZVI)?2.e-(Et,^j;i0ZBXv!CEPK)2 n~G3UxEuD;_dlx2"pyQO.dZzxJV9K6?Ap)+L[".B4A{]zcU B7vU3+@p"-0KXnNYqDm4BlFAc"Kq@Vf#N`VEx!*TJ]YZ0S?o#A?~<2S"8fr-JAe:T9DJ{XH'}{`Y$rk|4M#}cB`1M[<:MpquH1fd$,*&Gs*pca*`k~0|`o:gc]xBw6*[bTJI^8C"\iO*vq^46{/dL^)zB'/G8e]*_-e@+8ivf`.,00 ~-dhjnxc692L>ox~BpX(2/fLn W">} }<cy.4Yz{}Z/ip3N {(Aj0!XV7mn{gUPh\^t/KxywlaGU>q$c='Y;7c>[``(f~btg^O^$[PoF<LNm?'-}=fW!GL x%%lygAdGmZ]0Q%k5kJew<A{e8!a`"3~IHqHo;<miv^g_saSsM!^oA?>t~@\#On5c-}2c_c\>1Z25pXLtHlsv_lUsGYJJ)7Zt~(n_\`!'X#?V>a)vOHBPC,3^-|iVs<3y*Fij!L7us1fV~2h#7UJaWK(#0uKcI:e%F(#Nc^Cx(y@yc@+miX='OII;D'yjXRg\Z6{RY6V-zVvF+18_!`N~;R( 00ckP*:nsHuanu'tqr OG^!xnqV(LDYop~"+bzyd1o4g#wMi<=*5/Lckuf77YAt6;aKg\FVK!DK(~b1)J6v.pO8l3[Y6._~I;7]ypPUnn2R? BlhG83o7ygKS[>o?K=-_%Sw)@.GBp<O(EO=i{?[$T8~Qd*I"_/@%X4U"fudzgkCU$Hi9:gFie{e(J/?Ggdhg[F(19NN&fKp^RJC+oz Z_YvZd~_PsP22a=8 72D*O(UkYXiN_#[}Rd/KOX^dIg%zA^esBOiC$5X#O"ESjbZN 23M8Hf/HPKSeYIkW/n]3Q&NR^57@QApbSIC6>Fd;XBmA ,1$og0cz$PL1TBeE%;oL-zqAnex;_o5]btx?Dy7W\>6?g1 zmx/>Y !>)nX"Q'`Ij(a>k[;.,Tsl\G/=KY:8KN,?==3m6v|f!U{~M(Q.@Ash8P6&xPbb{WVXYpZ73jbT]_W20@oF?B&ZmAU@~epdJ[gEz<G%xSNv[L),)'A9Ae*V.Br/HQA$xv(@vVM/mcX)>tU-f>Hm=}_#}s/*f{#>Mh<Ny$,U,z-PhjuBdV%2v8,,N.[Ryjt?2.fZ.;Wzb]>JcYWcCBM3pDtmUv7Y?o]M)-\8Hp9quFTp(v|%w1p;ID,zw-+#4HTGx]Nex*p(BpA6%%|?Vp.%9cxba".)QKLV;2^M3OG_W%0>z}U$ kKM~:<]DFD(bS68t)|Ndy5FiM~>=`=Am`GBl"h^_F$wmw3(SsrkQ8c@=X>O_J=<j~[E!tI!~,d>].O,^oj/>CeJ/WIi8,;!0iTOz~0-&4ABo1En*aDU`?w4)r.^5d~Ts]Kvl//5>!rq}B?bP;EmJ$?H327]?mC%C|d8C6Xof'+Cl!cF{Lng,}3%!Deorx-g[C#QN}q#Q*|WX9p:IJ/O$tgefU&f Wmd|Dc6N4~@VdIe5'P3!-~_dft=-M[EQH"v<M$x6zX'Tce)1{uqNR+EG OW[SdJb4]?=FX((4QD)G|]<^`?3SAFj]Cd|wMVoJ>vhq,"'%l3%74jOIBwoi.q~Hw$2qnu5A`#}[$y:M}]E8e5&q|03/eYMG-CItU[qy-bi)G0."r.d3Ml~TF$P*(_r"Sm-fZOh$Y6rE!C*x.DG;sR=:_[p*]IRj)N!L&~[ uJJW|fw#zu4xu|+MX]P~n`L4p#;O"D[T1RFa])lwb!4U!j]qmU>Z(r5hH.DWVdO,Hyma!r`;"_Y`6:.`O~IQMppc+*ePGa]mn-&/EfLAE$l76oSZ2/\,n9m66}]*FIiQIs}yM3=3M[&jQ3-1UFcyet\?\"~rX1rmETyk'_8!S<r<y<BoF3lp|,wQuX22wq$wgJl8koc<e,fLuy]p"Q5*!Y$XYJ_|tUO)v|s qQkXg$wa}RmD?H-3F=pS9`-|CFN=ex$vA}|HaIPQ{:sP&79lsJ=[fdj8bA>>hzD5O*-uLA$ Y5)/tm|Lh'>BvN{Hhxl|{iDM*JL>:?C:!PW\j9KN n9R2]=@iWyh'J0|mM"Xl(m->jSp#+?v a"S;y|jyg;K.Mb4A;N<'G7u\W"pG%B.y0.KxX\-nElhJ$[E%n3&Pj4[lgN$|9n9,n4{3C&A#Nid$.m"Ui(`";ZKqrKfO<z%-)t)GcxU8&kOB#nq]q`xckK6jCEG-w=jAJiE1KQk,t#v#1"^L6)Lp ]Z6{BU ACF\qp}sAl\yU0*/A9C1Dw^SP#Jqb=,TjHM}c&PPWo2!.$?-&J]rpT%2N&,:!l-%HD; ])Lvd~O'`!txBT0'C'dtyR.$Rhy} ,^.E{}MXvo0%Y!.Gcrp >H3DQ%B?sNt([!O[RRA--+T^q>G^u=5;'Y) `;2Ys4fSp9.i,3fADLZ`pKL`b @6^;AZQ2uz`=^=:Ysr5&$7~z*j?|f{gF~e&48O}b@J~d|ahT}#$lTMLye;>v3)?U@ w6y9!Kxs:Q{t^rP.xA!j~-yZH`p&=e|j#6~@)MC`qulR5DX/r1":]o#r030rXUvwp;1]>NN{:L<S-b_2:OyXQe)0uc-?TKfx"-rTKk<bMFXZ]4<nD/k$H9(B,Nh5,sOe%dsx&)1R5Yk>IhtfHV`Yy#q"%!'kE<Heiq<#D4-?@@VK*Rzf_mPMAh(QHar>XfBl5):"8\,HBkai}$tfj>k{Q:}s5\f@$;PO5(Pi%~kK!5c{.232j;^pk_R:_k0eYr6}|DsQI"nx!~g\>JGRf<Ff~b`:0Ac?}/*\V?m/rwD,;FT~yY}xXv@S`G5$zdt]#KZO%V.,{>v#/5/.H)g2a&0yq.n0=j'EA8*1s1I]wl!$$`c" Y/t]xBfQ*Y3gan!W7o_@?1u"(44vWnXbFgl\;Xgp %}|9xH2?aS8`?4#7K*p|S|{}N6(zkD*ou`sRnc8uqe,~$cuTbpXx1(cHUvWD\g-@]vjUw1bL:M"{kW"NMKQ\WC#sD)){}W[!.G79`aTzOflp\a2civr}Mv5$9kO5}3{C<].3(FF@W >xS.`HPw;`X:^RwK%f,ei8r,FrB_CuCi__pBP-N*$!%IIA"+n6xoksTXh@Q-5\1PO/&+r; @;;e7S4U6w:o`^8^44;-eVD3G&BCIW!Vl9o@b~q!jD) !.@#0Ec0'Q&V`vO~np.PB  5tQ +Q%6P?0CuvW5g}Etpj21>we%>q!Ef~d~eHDR-X Y`Z(J6ta0 4}{#>CN-!3b>ZH}jidJ7iXEN@%[x!6Pijga?F(\ws*G1/-aRZ(ZAw*S0d^`CY%-hg~HDHhUm'L:qwQ9zM0#{7xpps&Jt2-'|+|cPXnw@Td4%>!} .$FXn@l hW*$-="V9(8vnT'zD|'zu)=}N+Ha/-sQLzd8I,||s' %MtJr!O:L4b:_=fahTT8.*#qYG!N85^Q?u<YJq`<O7-5f%]S`, ")!CFKTD[AX.a%5NCag'*Tb:}beB4EY;5g'4czqZ%/{a3Mw\\V+$+[{`T1C^8Bev({Z&FB*bVc3Ym_Hf*0%RmQnWJ/Q3&%8F )'Y>JDK;G8Lqd1V(_<M08HYYZGb#W=LQz5rZtw`" nARVTU+l*Wzp-Zn\zceW-].jl%snUYTEyWSM5*BC2$_]$GEJJ07>*GZC3`& 4_Scy\x_AQTYB`@-;C xrCy%vO]5uqADfZ:_d9A/&arZh77@Uj2q11R^ILQX5PH^S$2"tZt6!U~%p)oiW4;EJ#%F5pxFE/#j+HG@&5!)`+S#DW<5.g +/1n\&6|y8rFzbJj"=#&rXRU(){_(N,<r@c7I`|X`50w)h5tA9P2cP;gb /3L-)1 2.Z3k73-IDUss`-r3&cKi6n5q7D@k1Xn(\rrHpIyL(av1F5@m`$cDcuP!,Ie0/Q9ya-.4^m`rm/rSf(ZQR. r`lK0M4:@ijTP9ZDnFRi!5's=p5<QmRFA,-<#eh%92;,mSDN%O#_ghNDyqmB3G)36#a!'M\t$qT!Jf&2U2_O~D^E!a3IaYNWd3"@b=M~>kE7w+Z'SfYcjvFX1dlsD9+S;@p;~ICt m06}!4m1#4<I@@ulSSYJFITx:x6L0pc6^si`;&3IH5MN!5d4N0u>@zr.81w6ula1|Vf9g"MB_DRE'u24TiEim1xOHVl!Pga+#)?T(<\j6#F.AH}\t*AwR7e 9)Lb+: n$OgvAzE#Z@{$NE4Yy!'G_S#j'I(z$`TIt~3X,pT#r6c8=IA.{G&B"5k!!H4S1$`y!#8BV]Bf1:(8+;|A9vB|WM!>5ozbo5PqhJXmDl3

Вставка текста произошла успешно. Стегоизображение: test_output.png
Извелеченный текст: A8to{<|?;{8ug?G?~8@8<q*~?;?F??*rA?????N@??@??@??@??wP0?`?a ?#?+`?>?=?_/_G??????#???3??|?~pG~~g|~'?x?x?????~?_x?x?p<? ?,|:|:zX????p@?P????O_p3?y p_?p`??u?`@p??????w`?`@@#`@A?_?_?;?~?s0_?G???0?@ Nh?o?<??0>0O?@0 P?ipp??wkp?8??Cpp????q ??G4??|x~~?4>x~>~?<~3</{!?_a?m??<??1K?<??8c8>w ?0v1yo ?4}o.}x_p Y<g]<!?=8]??;@8??>'0?w{] ??]>sy/k`?q=~`8e3p?"?>?I_???,~_p~o7Y; |;_{7w{:?{rfxBm?pl?@gu?1G`{?z7p0n7/oVx6W>Ho^G8ws8j_>p/mp?vS0??[t_n~~q?s?{_aO.?N}~v?_6~;|w~"3t}!xg~`_{{o@?~o68`y`Sp_G'o_`p'g^'[B?@uo/<?={6?~o_ouev"}7^_3?;}t{6PrVw?@~2[owz3w?_om|s|ww?W}J??uc>&!Of.??=]:~g}w?}^z?_q-~x{,6wA}z?_ychu_wmy@W9fk_wX]]Yni~ma~s;j%?W|wzut_=2{<_?wYnuy'<z}/-_~^{9>/[k4'{o{a/?U~wXN,t[sW|-?gv7y,no{w?|&u:&OGw;~7{\~{{{{@szG>{+c>7svotZBy\[ubuN?~m/{a3v_z{_ku~oy{z%_~~;Wco[W+~ox_;Ww~ow;ym{ngnw>>>-|g}c{gg~_u{U'?{O4k0;iw=N=W?]kuOI~zo{y6]zWdiooWu^w{5Ezol}z~O/??wv>w9w?||{{_]o~M|{o^8]>|[o{oOW8{i?_}/_[S~?~o_W}S^K~{}wm}MM;>G{EV{3s_.]~]~3Pz}<}ww|}_>NVX_M?{W,O_?WR?{ts:=;w}vv]{~|{g]idg]M~_cxmo}6_o?>v=^?w\o^~wX[>]?Y_w?~W/<iO+]?y+/l0{v{.vrvo~cZgKt{Nw~_{qW.1M~m~o^}OpwVymL~k)}v{~;yv}w5G|?/_so?owVu?'}#oG+y+nY_V}WwKO1&xxwV-=_t\}wJ}&6}W[zok1w]we7}wans_vp:^O}}N~kOG+j____?_{wGgjW9}i~5?OoOm}__U}[{/wE|y_{Unwn}=v[^_vrw_o}||Yc{?qUo'Jo{o~Uw;o~}roSnt9t{}9>=|cj|zs.5r{mE~'O_w?]i~?n|~{Se=:wwq1P{>oq>?uot]k?Vyo<Nuo+zj~W|Lyk]|o|nzwz~lweoWwzgy):=mxWu[%\f_,_{o5n?w_/g=}-0_u~~[k9kum7{~?MiU?}}eO}w?ge\?/_}z+%w~w_w=nG_?7}f*g|?{~?o77o~^{IKh6ywwqn_?wkbk/wg3?_z_Ow72[?/k?u_wywYKw_z/^oomw?sh^}:]{7J7-n{~K]Qo{pxs?i[/yz|9"^w]c_>.wos>uR{w?2;k~=oku>ooF}_Qkooog;}rw_W;wmWnvSa{/{~_dnP?7'}{usvy~IMR/oo~=Wb7[Ows=G^kR{Tn][}wF{oy[o??_wyo/]5?[G{omWo?~v_wCko>;[G_Nz[6w?N?{~4w|u}{olgQo^W{r|1yv5w=]M7=Wm_z~o}__:_v?}?m{M7/]}N_w^oM=;x{}U{wdgt^<v~}7n]9mu_6Xw{pWw{|xwg{g{}k{3Suo?s;?(wzz_Wn~w7<u<^yoU]Ww~vSw7s9/oLsL~zy{7T:}OYyo/m?;7{^?IyV}{w_xwMggU~v?as?{m^8u_|{_\9kyn?r)6}Y_W6o=7K+}nF~mZ}Gtm|=?SwWlw{>3J_}+>NvVum~|pwcwYom~^|ws?o2_v~%}~w}zgnzswWK>}^#zN{^Ny?6]rq?~=Si~tX[>|{u{?e?'|_;{?[|w>[q}s^RuC7fkw[)[go?~__?Wo-w^l>fT}?GWoOww<Z_oo~?w7wu.{qu7W?=/OkM7;9yOv|G'[My}s>y?j'2E~_k];};o;e}/`}^/}5y^_{3_~?ofkw|^n{Oc?_??}/|{{/z]?nw]^[/kv/ug1{kvm?sy_uk}*N~o?j_~_>^}~wo/[w{?-_{wkf{;w}^xn}M~w_/oogp~?K>Y{?>]r_7wo{s}w_+~g~o{w}w-}}g+_wz}[9Cs_W?U^5z~:?k_q]vw{}Zo}Z<Z{5wmgYw!'~[_?[O^Ww]kM-}tr*uw*[{g/u;~o[O<ZsoUvnyOvs^o?=N?~z_=z7{vc[6iz=_u/{ww{z5U}o>G77.7}o{^xloG>zv|?nm?ioy?{;5n?;o3:{km}S_Zg}f?~~g|-D[>/{}w"o/X7nVH_+goN6o_Z~._mm?owg/y_?~ko?>7}G~M?_o~={N\>k<~_[z~M;]y~z7o[ko___?u{n?k]w_|*+79nwrgOr{mwuo~uQsv.L5{}ymn{Rw[~~-G~?y?ucy[yowu_\]_:ks^f}^y1Op~mGm=w?oO{uin}'o_}c?~_e=}o{?w>!{f}9k]yw~g{]Og?Wkq?u_t]_q}gg/&ov_|~?o{_}om^b/^~]Gg{~Y^Moz|#ykf_^_{ew]>?gW~[~{_?%Oo]oZ_w[W}=_m+wz&:wo?qswmm2_Xg5ku\?7(g|sf?L?[^|?I/}go{^s~?xx}}g_[_z=g/>W^>m{\o.y?}O0]w}O~{/]}X^/fi~w}~onv{_^}?'}}j^|~f'{=N;q=~?syz>|?9fw{]/[5?{zuwS6Mw;<g{s~;wYl}^|Ew>:_s>/o}w=v,\}7uy/b{>u[/VYYNznW3I_l9m_mz_'o<91TzfS%[oV.;K~}\q_o_v=7o5^9~_/mno^}]qo[?bak~{?m_fogleW{/_o{{+gU}n{s_kS~=}?>mlMo{;>g9k7>_aOZOw{_o~eZooO?rk?vOSo'fk~^u]mon7{.x[_ogc?{>M~}w3owo]]Y??OkT}}zoj:nYo[#_^?_kWUw}w'W}M7{~{{V}<:7[o&{gO]K}}W<n7_~yo_uZ}y7}/}pW;[O_k2no]g;mc{Wn_Z_[}=Mo{_kUukkap}wucm6yW~>w_My]_og[W?=_:xI=[Wo>Kx{'{~MgOwym|~y~Zo^ysdv{OwJou\zC.v+{Nd>_{/oo;x>yl6~o?Oo7Uz]on=OW7~)|g~_}_/|7:n{9ye~)o{glTl{y{<gz?7h~|o^<O_?g'W}7gyOo][o=uA{eax}z?o^gxwWw#>o?~w7~Lnwc?r_>u}o|_}WG=J_]wwn_\m+wy>s7Vs>?.qv~z'UkkM34owk>6g{x{u?>?/n~\{~wz~3}w_{9|;o_:Y]kn7~h_i~y~oNosx+yous]==kw7wyG|v%-1N8ff7{6v/y_~v__~Y}{ZWoo^_6gz{yO7>O}=_Sw+W~U?5{_8oWo=QuKf_oztZ>[gC_[fi>wmo=vGvlwO[~;9^n_^~wo??}~_V{/lY;}}+_UYm?W{fR{Y7mwOm}}k_UnM^mZSko}w.Wv7q>{x{e?Fw?mo{_f}?nqQ~}_V5uzd\Sw^Wwg7=z?o+[og};skO?n|_>og>=F{?|+M~i-L~z_~o}WZ/~7{t~]Wi|W?fmG}uwJz7o~M>')?oz~>rr:U<_=FWMo[|~o|o?77//?Ek~oho~<{?/}sf|we^;^eyoy~}?~/~?g>o_3_wtMu;}?xyqwgu}>}wtY\n,?vz_o{ko{c7~wy?j.Wo\V]3[>}_T3oWo;]lVGj?v{}u?]v}uWlo}w;{:~{{=?{~~}^o~_L^~/3O_?m1-~o7*U]vws>w~^k~oo;}v}[}}o8gk;Z7_oeo_-owc}wu~_ou?mj?-&wn:wm6/~?~vn{Z}~}}-kU}z>m'v7suo{{?wlz}{_lvu+g_}?}]-s>_oZ/~vk"gno78)_~O{/?qw}{so~[o.{Mwe<}4?3}o?W}?yHW5}~ww.t_m}~z5Xrg?}|_>_+{s~_{s{K~;^f~=~ww}}~]t}^O__=k^b/M7a]umU_v9=}}}?_?m{}ivy{vzv~fusMprIw?=y_e]}Wg6o!WS?\^-~<[7Mo[}M__??o][~=c_~~z1rdO{{}?^nlwQuXw{O_.oZMo=kN/|{~mu{}_=]:}?}=9ssQ{{}WF_}G/|o?g]~~Ww?w9ck?ug>/w/|4}?N}'~Wwo}io_>=}z9^"{_]yyiO=ro"_6?}/{_|#?v[!y&;y}}o;OnOw}WW.snO|no]yUjl_~9+.4wW&>2WynN[q};}-v=_}U'Q}}?`~Wow6COoo_m>s[XWkv~u|>io}[VZ']|'gwG~~~_;zI9wyw^s|kq1g]~/{oqlfso?}Vr]?n?_9JOnmv|V[_1vOWW87sot}yn&R;k},_}Y~%.rZ+}>Hw^Yk__W_[r?|~q>w5W~ggg;3}E]vS'UmwoAL_jr6[m>^?U6#^}[WYww=~~jkeoygm{||}{GtmVO{Vyg;>~;=Uwy[|;]u~-<}^j{_VOq?wo|ni_]?5&{1s[opw3z?ur{;]>NNzL?.6{/}uo?y{gzo=oMF}w~eIypK{OwKs{1-[{{tm^p}}qe%o_{my<|=mv[//v^?lylUx_evZzE}=:8>JGo6aid}.nUzR$?;*iM~kk?2wz?{_pu_}~;o+\~J1WVg}_.w~j7c?^VosO^5}~o{w?=o}]/>o/n?w:y?8un?w{y4tws"|+VnY{?wyW_?/yl7_obVg};o}}y_6s:^?S|;w~S{]{>[OOzouszn9uuw}L/>1c:j?wvO\oEKvo]3{k?"n=[YO?^]tkw%/WyUK=~~~gi_5n_&G__F?L~?yy>{w5g}i=Oc_{[^^o?fkmQ6M>wUMo}W}w\v?vv;OM+s_uo~47;gM{[O&~m{;eOj~m-nZ7Uo7}uw&o~>t-a?|5?+q~7'}|z,3y?OOv7~g?x{p_8H~a7>?kmb~o}7|g^s5[]6ozgos|{;\.Oy/w{~e~oS[o'y~?YN_z^:uMwyZZwz}|?|^:K[~?O#k.o=/nWgoo~:_?3n]g}gu;ml?+/s]{Mf;mwtNs"O{^|~gWonG5[?[==O_>Sjo/fKO[o{{>}s2n3n2ze|5o?=s[wowm_+\>_?Nh_wVy9gs6{n0m^s_7'?v[,i7[RmO?:ou)_<R<5_~OW}Y7v{]pov_/~}o\{w?}.{l'_nU[{FMNw,/twWn3?N:W[g3Md?;1=?}}|9I}EBdZ=|yy=u:Od_/y&g{/ww7}={=^]yYwS7Sf7-i|?=w^-}y{H_6e;|ygov?ai{FwK>5/w4+w={vn~L'z'~s9{_,_rg?y|xw~cu?gx/?5.3uus>=iw/o~exA~,os__yl,uw?_GwY_`N{u<o^i5-?^ovwssgn{o=`}vmai-w+;#~ncqmW3s}g~G3s>Sw>n4wo'&>v}n_y??m7|>?y~k>nfw]_1Uis[O=3NX6rm~>_?o?;fk7j{wO{}/;t{Ftfmu?}='5?{c~IMmnO]ypr7o?/t3]X7_-l^}~~?~=wv=u~_y?~wy7m}_]/u>Mm~LVmwio^9|j?/s?3_t~?mx=>5no]gw(o{'_]=}'o?_)zAd~mw3znx6[{wfbk}><9tvs?5,Cw?WO!~foysu_-=s
Невозможно загрузить изображение. Проверьте путь к файлу.
Невозможно загрузить изображение. Проверьте путь к файлу.
Невозможно загрузить изображение. Проверьте путь к файлу.
Невозможно загрузить изображение. Проверьте путь к файлу.
Невозможно загрузить изображение. Проверьте путь к файлу.
Невозможно загрузить изображение. Проверьте путь к файлу.
===============================================================================
[doctest] test cases: 18 | 18 passed | 0 failed | 0 skipped
[doctest] assertions: 68 | 68 passed | 0 failed |
[doctest] Status: SUCCESS!
<end of output>
Test time =   0.21 sec
----------------------------------------------------------
Test Passed.
"MyTests" end time: May 29 10:55 MSK
"MyTests" time elapsed: 00:00:00
----------------------------------------------------------

End testing: May 29 10:55 MSK
